<?xml version="1.0" encoding="UTF-8"?>
<robot generator="Robot 3.2.2 (Python 3.6.0 on win32)" generated="20210115 12:25:06.813" rpa="false">
<suite id="s1" name="TC 02 Request" source="C:\Users\Admin\PycharmProjects\Python_API_Testing\GET_Requests\TC_02_Request.robot">
<test id="s1-t1" name="Get_emp_Info">
<kw name="create session mysession">
<arguments>
<arg>${base_url}</arg>
</arguments>
<msg timestamp="20210115 12:25:07.589" level="FAIL">No keyword with name 'create session mysession' found.</msg>
<status status="FAIL" starttime="20210115 12:25:07.589" endtime="20210115 12:25:07.589"></status>
</kw>
<status status="FAIL" starttime="20210115 12:25:07.581" endtime="20210115 12:25:07.589" critical="yes">No keyword with name 'create session mysession' found.</status>
</test>
<status status="FAIL" starttime="20210115 12:25:06.821" endtime="20210115 12:25:07.597"></status>
</suite>
<statistics>
<total>
<stat pass="0" fail="1">Critical Tests</stat>
<stat pass="0" fail="1">All Tests</stat>
</total>
<tag>
</tag>
<suite>
<stat pass="0" fail="1" id="s1" name="TC 02 Request">TC 02 Request</stat>
</suite>
</statistics>
<errors>
</errors>
</robot>
